<?xml version="1.0" encoding="UTF-8"?>
<testng-results skipped="0" failed="0" ignored="0" total="1" passed="1">
  <reporter-output>
  </reporter-output>
  <suite name="Default suite" duration-ms="41874" started-at="2020-09-22T18:56:12Z" finished-at="2020-09-22T18:56:54Z">
    <groups>
    </groups>
    <test name="Default test" duration-ms="41874" started-at="2020-09-22T18:56:12Z" finished-at="2020-09-22T18:56:54Z">
      <class name="com.quantinsti.qa.testcases.LoginPageTest">
        <test-method status="PASS" signature="setup()[pri:0, instance:com.quantinsti.qa.testcases.LoginPageTest@4b9e13df]" name="setup" is-config="true" duration-ms="21561" started-at="2020-09-23T00:26:12Z" finished-at="2020-09-23T00:26:33Z">
          <reporter-output>
          </reporter-output>
        </test-method> <!-- setup -->
        <test-method status="PASS" signature="cartPageTest()[pri:1, instance:com.quantinsti.qa.testcases.LoginPageTest@4b9e13df]" name="cartPageTest" duration-ms="20241" started-at="2020-09-23T00:26:33Z" finished-at="2020-09-23T00:26:54Z">
          <reporter-output>
          </reporter-output>
        </test-method> <!-- cartPageTest -->
      </class> <!-- com.quantinsti.qa.testcases.LoginPageTest -->
    </test> <!-- Default test -->
  </suite> <!-- Default suite -->
</testng-results>
